<?xml version="1.0" encoding="UTF-8"?>
<testng-results ignored="0" total="1" passed="1" failed="0" skipped="0">
  <reporter-output>
  </reporter-output>
  <suite started-at="2024-12-05T12:49:26 AST" name="Suite" finished-at="2024-12-05T12:49:36 AST" duration-ms="10308">
    <groups>
    </groups>
    <test started-at="2024-12-05T12:49:26 AST" name="Test" finished-at="2024-12-05T12:49:36 AST" duration-ms="10308">
      <class name="com.Freshnessnew.HomePageTests.HomePageTest">
        <test-method is-config="true" signature="launchApp(java.lang.String)[pri:0, instance:com.Freshnessnew.HomePageTests.HomePageTest@13d73f29]" started-at="2024-12-05T12:49:26 AST" name="launchApp" finished-at="2024-12-05T12:49:34 AST" duration-ms="7611" status="PASS">
          <params>
            <param index="0">
              <value>
                <![CDATA[chrome]]>
              </value>
            </param>
          </params>
          <reporter-output>
          </reporter-output>
        </test-method> <!-- launchApp -->
        <test-method is-config="true" signature="setup()[pri:0, instance:com.Freshnessnew.HomePageTests.HomePageTest@13d73f29]" started-at="2024-12-05T12:49:34 AST" name="setup" finished-at="2024-12-05T12:49:34 AST" duration-ms="12" status="PASS">
          <reporter-output>
          </reporter-output>
        </test-method> <!-- setup -->
        <test-method signature="createNewProduct()[pri:1, instance:com.Freshnessnew.HomePageTests.HomePageTest@13d73f29]" started-at="2024-12-05T12:49:34 AST" name="createNewProduct" description="Add a new product and verify it’s added successfully" finished-at="2024-12-05T12:49:36 AST" duration-ms="2220" status="PASS">
          <reporter-output>
          </reporter-output>
        </test-method> <!-- createNewProduct -->
        <test-method is-config="true" signature="tearDown()[pri:0, instance:com.Freshnessnew.HomePageTests.HomePageTest@13d73f29]" started-at="2024-12-05T12:49:36 AST" name="tearDown" finished-at="2024-12-05T12:49:36 AST" duration-ms="243" status="PASS">
          <reporter-output>
          </reporter-output>
        </test-method> <!-- tearDown -->
      </class> <!-- com.Freshnessnew.HomePageTests.HomePageTest -->
    </test> <!-- Test -->
  </suite> <!-- Suite -->
</testng-results>
